
Gurobi 6.5.2 (win64) logging started 01/23/17 23:47:56

Optimize a model with 84 rows, 111 columns and 380 nonzeros
Model has 41 quadratic constraints
Coefficient statistics:
  Matrix range    [1e+00, 2e+03]
  Objective range [5e-01, 5e-01]
  Bounds range    [1e+00, 1e+00]
  RHS range       [8e+00, 2e+03]
Found heuristic solution: objective 0.5
Modified 29 Q diagonals
Modified 29 Q diagonals
Modified 19 Q diagonals
Modified 19 Q diagonals
Presolve removed 39 rows and 16 columns
Presolve time: 0.03s
Presolved: 528 rows, 319 columns, 1859 nonzeros

Warning: Thread count (8) is larger than core count (4)
         Reduce the value of the Threads parameter to improve performance

Variable types: 1 continuous, 318 integer (318 binary)

Root relaxation: objective -9.309392e-01, 112 iterations, 0.02 seconds

    Nodes    |    Current Node    |     Objective Bounds      |     Work
 Expl Unexpl |  Obj  Depth IntInf | Incumbent    BestBd   Gap | It/Node Time

     0     0   -0.93094    0   50    0.50000   -0.93094   286%     -    0s
     0     0   -0.93094    0   64    0.50000   -0.93094   286%     -    0s
     0     0   -0.91135    0   53    0.50000   -0.91135   282%     -    0s
     0     0   -0.91135    0   51    0.50000   -0.91135   282%     -    0s
     0     0   -0.90393    0   52    0.50000   -0.90393   281%     -    0s
     0     0   -0.90393    0   56    0.50000   -0.90393   281%     -    0s
     0     0   -0.90393    0   51    0.50000   -0.90393   281%     -    0s
     0     0   -0.89692    0   59    0.50000   -0.89692   279%     -    0s
     0     0   -0.88691    0   47    0.50000   -0.88691   277%     -    0s
     0     0   -0.88007    0   50    0.50000   -0.88007   276%     -    0s
     0     0   -0.87934    0   50    0.50000   -0.87934   276%     -    0s
     0     0   -0.87934    0   60    0.50000   -0.87934   276%     -    0s
     0     0   -0.87934    0   60    0.50000   -0.87934   276%     -    0s
     0     0   -0.87934    0   49    0.50000   -0.87934   276%     -    0s
     0     0   -0.87934    0   51    0.50000   -0.87934   276%     -    0s
     0     0   -0.87865    0   53    0.50000   -0.87865   276%     -    0s
     0     0   -0.87865    0   53    0.50000   -0.87865   276%     -    0s
     0     0   -0.87865    0   68    0.50000   -0.87865   276%     -    0s
     0     0   -0.87865    0   47    0.50000   -0.87865   276%     -    0s
H    0     0                      -0.7058824   -0.87865  24.5%     -    0s
H    0     0                      -0.8239437   -0.87865  6.64%     -    0s
     0     1   -0.87865    0   47   -0.82394   -0.87865  6.64%     -    0s
*  162     0               5      -0.8255814   -0.82558  0.00%   5.5    0s

Cutting planes:
  Gomory: 7
  Cover: 67
  Clique: 52
  MIR: 10
  Zero half: 2
  Mod-K: 1

Explored 191 nodes (2214 simplex iterations) in 0.25 seconds
Thread count was 8 (of 4 available processors)

Optimal solution found (tolerance 1.00e-09)
Best objective -8.255813953488e-01, best bound -8.255813953488e-01, gap 0.0%
